<?xml version="1.0" encoding="UTF-8"?>
<!-- Generated by org.testng.reporters.JUnitReportReporter -->
<testsuite skipped="0" hostname="LAPTOP-UAGSETUK" name="fetchExcelData.fetchExcelData_login" tests="3" failures="0" timestamp="31 Dec 2020 11:43:44 GMT" time="45.666" errors="0">
  <testcase name="login" time="14.184" classname="fetchExcelData.fetchExcelData_login"/>
  <testcase name="login" time="15.135" classname="fetchExcelData.fetchExcelData_login"/>
  <testcase name="login" time="16.347" classname="fetchExcelData.fetchExcelData_login"/>
</testsuite> <!-- fetchExcelData.fetchExcelData_login -->
