<?xml version="1.0" encoding="UTF-8"?>
<!-- Generated by org.testng.reporters.JUnitReportReporter -->
<testsuite skipped="0" hostname="LAPTOP-UAGSETUK" name="fetchExcelData.test1" tests="1" failures="0" timestamp="31 Dec 2020 11:12:12 GMT" time="28.813" errors="0">
  <testcase name="login" time="28.813" classname="fetchExcelData.test1"/>
</testsuite> <!-- fetchExcelData.test1 -->
