<?xml version="1.0" encoding="UTF-8"?>
<!-- Generated by org.testng.reporters.JUnitReportReporter -->
<testsuite skipped="0" hostname="LAPTOP-UAGSETUK" name="fetchExcelData.fetchExcelDataClass" tests="3" failures="0" timestamp="31 Dec 2020 11:47:43 GMT" time="0.017" errors="0">
  <testcase name="setData" time="0.016" classname="fetchExcelData.fetchExcelDataClass"/>
  <testcase name="setData" time="0.000" classname="fetchExcelData.fetchExcelDataClass"/>
  <testcase name="setData" time="0.001" classname="fetchExcelData.fetchExcelDataClass"/>
</testsuite> <!-- fetchExcelData.fetchExcelDataClass -->
