<?xml version="1.0" encoding="UTF-8"?>
<!-- Generated by org.testng.reporters.JUnitReportReporter -->
<testsuite skipped="0" hostname="LAPTOP-UAGSETUK" name="fetchExcelData.DataProvider_FBlogin" tests="3" failures="0" timestamp="31 Dec 2020 11:46:15 GMT" time="48.684" errors="0">
  <testcase name="login" time="16.125" classname="fetchExcelData.DataProvider_FBlogin"/>
  <testcase name="login" time="15.617" classname="fetchExcelData.DataProvider_FBlogin"/>
  <testcase name="login" time="16.942" classname="fetchExcelData.DataProvider_FBlogin"/>
</testsuite> <!-- fetchExcelData.DataProvider_FBlogin -->
