<?xml version="1.0" encoding="UTF-8"?>
<!-- Generated by org.testng.reporters.JUnitReportReporter -->
<testsuite skipped="0" hostname="LAPTOP-UAGSETUK" name="fetchExcelData.facebookLogin" tests="1" failures="0" timestamp="31 Dec 2020 11:16:14 GMT" time="28.753" errors="0">
  <testcase name="login" time="28.753" classname="fetchExcelData.facebookLogin"/>
</testsuite> <!-- fetchExcelData.facebookLogin -->
